Determining if the pthread_create exist failed with the following output:
Change Dir: /home/ti-dsp/projects/range_image/build/CMakeFiles/CMakeTmp

Run Build Command:"/usr/bin/make" "cmTC_b5637/fast"
/usr/bin/make -f CMakeFiles/cmTC_b5637.dir/build.make CMakeFiles/cmTC_b5637.dir/build
make[1]: Entering directory '/home/ti-dsp/projects/range_image/build/CMakeFiles/CMakeTmp'
Building C object CMakeFiles/cmTC_b5637.dir/CheckSymbolExists.c.o
/usr/bin/cc     -o CMakeFiles/cmTC_b5637.dir/CheckSymbolExists.c.o   -c /home/ti-dsp/projects/range_image/build/CMakeFiles/CMakeTmp/CheckSymbolExists.c
Linking C executable cmTC_b5637
/usr/bin/cmake -E cmake_link_script CMakeFiles/cmTC_b5637.dir/link.txt --verbose=1
/usr/bin/cc       CMakeFiles/cmTC_b5637.dir/CheckSymbolExists.c.o  -o cmTC_b5637 -rdynamic 
CMakeFiles/cmTC_b5637.dir/CheckSymbolExists.c.o: In function `main':
CheckSymbolExists.c:(.text+0xe): undefined reference to `pthread_create'
CheckSymbolExists.c:(.text+0x12): undefined reference to `pthread_create'
collect2: error: ld returned 1 exit status
CMakeFiles/cmTC_b5637.dir/build.make:97: recipe for target 'cmTC_b5637' failed
make[1]: *** [cmTC_b5637] Error 1
make[1]: Leaving directory '/home/ti-dsp/projects/range_image/build/CMakeFiles/CMakeTmp'
Makefile:126: recipe for target 'cmTC_b5637/fast' failed
make: *** [cmTC_b5637/fast] Error 2

File /home/ti-dsp/projects/range_image/build/CMakeFiles/CMakeTmp/CheckSymbolExists.c:
/* */
#include <pthread.h>

int main(int argc, char** argv)
{
  (void)argv;
#ifndef pthread_create
  return ((int*)(&pthread_create))[argc];
#else
  (void)argc;
  return 0;
#endif
}

Determining if the function pthread_create exists in the pthreads failed with the following output:
Change Dir: /home/ti-dsp/projects/range_image/build/CMakeFiles/CMakeTmp

Run Build Command:"/usr/bin/make" "cmTC_58d83/fast"
/usr/bin/make -f CMakeFiles/cmTC_58d83.dir/build.make CMakeFiles/cmTC_58d83.dir/build
make[1]: Entering directory '/home/ti-dsp/projects/range_image/build/CMakeFiles/CMakeTmp'
Building C object CMakeFiles/cmTC_58d83.dir/CheckFunctionExists.c.o
/usr/bin/cc    -DCHECK_FUNCTION_EXISTS=pthread_create   -o CMakeFiles/cmTC_58d83.dir/CheckFunctionExists.c.o   -c /usr/share/cmake-3.5/Modules/CheckFunctionExists.c
Linking C executable cmTC_58d83
/usr/bin/cmake -E cmake_link_script CMakeFiles/cmTC_58d83.dir/link.txt --verbose=1
/usr/bin/cc   -DCHECK_FUNCTION_EXISTS=pthread_create    CMakeFiles/cmTC_58d83.dir/CheckFunctionExists.c.o  -o cmTC_58d83 -rdynamic -lpthreads 
/usr/bin/ld: cannot find -lpthreads
collect2: error: ld returned 1 exit status
CMakeFiles/cmTC_58d83.dir/build.make:97: recipe for target 'cmTC_58d83' failed
make[1]: *** [cmTC_58d83] Error 1
make[1]: Leaving directory '/home/ti-dsp/projects/range_image/build/CMakeFiles/CMakeTmp'
Makefile:126: recipe for target 'cmTC_58d83/fast' failed
make: *** [cmTC_58d83/fast] Error 2


