Determining if the pthread_create exist failed with the following output:
Change Dir: /home/ti-dsp/projects/impl/build/CMakeFiles/CMakeTmp

Run Build Command:"/usr/bin/make" "cmTC_7a3fa/fast"
/usr/bin/make -f CMakeFiles/cmTC_7a3fa.dir/build.make CMakeFiles/cmTC_7a3fa.dir/build
make[1]: Entering directory '/home/ti-dsp/projects/impl/build/CMakeFiles/CMakeTmp'
Building C object CMakeFiles/cmTC_7a3fa.dir/CheckSymbolExists.c.o
/usr/bin/cc     -o CMakeFiles/cmTC_7a3fa.dir/CheckSymbolExists.c.o   -c /home/ti-dsp/projects/impl/build/CMakeFiles/CMakeTmp/CheckSymbolExists.c
Linking C executable cmTC_7a3fa
/usr/bin/cmake -E cmake_link_script CMakeFiles/cmTC_7a3fa.dir/link.txt --verbose=1
/usr/bin/cc       CMakeFiles/cmTC_7a3fa.dir/CheckSymbolExists.c.o  -o cmTC_7a3fa -rdynamic 
CMakeFiles/cmTC_7a3fa.dir/CheckSymbolExists.c.o: In function `main':
CheckSymbolExists.c:(.text+0xe): undefined reference to `pthread_create'
CheckSymbolExists.c:(.text+0x12): undefined reference to `pthread_create'
collect2: error: ld returned 1 exit status
CMakeFiles/cmTC_7a3fa.dir/build.make:97: recipe for target 'cmTC_7a3fa' failed
make[1]: *** [cmTC_7a3fa] Error 1
make[1]: Leaving directory '/home/ti-dsp/projects/impl/build/CMakeFiles/CMakeTmp'
Makefile:126: recipe for target 'cmTC_7a3fa/fast' failed
make: *** [cmTC_7a3fa/fast] Error 2

File /home/ti-dsp/projects/impl/build/CMakeFiles/CMakeTmp/CheckSymbolExists.c:
/* */
#include <pthread.h>

int main(int argc, char** argv)
{
  (void)argv;
#ifndef pthread_create
  return ((int*)(&pthread_create))[argc];
#else
  (void)argc;
  return 0;
#endif
}

Determining if the function pthread_create exists in the pthreads failed with the following output:
Change Dir: /home/ti-dsp/projects/impl/build/CMakeFiles/CMakeTmp

Run Build Command:"/usr/bin/make" "cmTC_ffada/fast"
/usr/bin/make -f CMakeFiles/cmTC_ffada.dir/build.make CMakeFiles/cmTC_ffada.dir/build
make[1]: Entering directory '/home/ti-dsp/projects/impl/build/CMakeFiles/CMakeTmp'
Building C object CMakeFiles/cmTC_ffada.dir/CheckFunctionExists.c.o
/usr/bin/cc    -DCHECK_FUNCTION_EXISTS=pthread_create   -o CMakeFiles/cmTC_ffada.dir/CheckFunctionExists.c.o   -c /usr/share/cmake-3.5/Modules/CheckFunctionExists.c
Linking C executable cmTC_ffada
/usr/bin/cmake -E cmake_link_script CMakeFiles/cmTC_ffada.dir/link.txt --verbose=1
/usr/bin/cc   -DCHECK_FUNCTION_EXISTS=pthread_create    CMakeFiles/cmTC_ffada.dir/CheckFunctionExists.c.o  -o cmTC_ffada -rdynamic -lpthreads 
/usr/bin/ld: cannot find -lpthreads
collect2: error: ld returned 1 exit status
CMakeFiles/cmTC_ffada.dir/build.make:97: recipe for target 'cmTC_ffada' failed
make[1]: *** [cmTC_ffada] Error 1
make[1]: Leaving directory '/home/ti-dsp/projects/impl/build/CMakeFiles/CMakeTmp'
Makefile:126: recipe for target 'cmTC_ffada/fast' failed
make: *** [cmTC_ffada/fast] Error 2


