Determining if the pthread_create exist failed with the following output:
Change Dir: /home/ti-dsp/projects/impl/build/CMakeFiles/CMakeTmp

Run Build Command:"/usr/bin/make" "cmTC_92eff/fast"
/usr/bin/make -f CMakeFiles/cmTC_92eff.dir/build.make CMakeFiles/cmTC_92eff.dir/build
make[1]: Entering directory '/home/ti-dsp/projects/impl/build/CMakeFiles/CMakeTmp'
Building C object CMakeFiles/cmTC_92eff.dir/CheckSymbolExists.c.o
/usr/bin/cc     -o CMakeFiles/cmTC_92eff.dir/CheckSymbolExists.c.o   -c /home/ti-dsp/projects/impl/build/CMakeFiles/CMakeTmp/CheckSymbolExists.c
Linking C executable cmTC_92eff
/usr/bin/cmake -E cmake_link_script CMakeFiles/cmTC_92eff.dir/link.txt --verbose=1
/usr/bin/cc       CMakeFiles/cmTC_92eff.dir/CheckSymbolExists.c.o  -o cmTC_92eff -rdynamic 
CMakeFiles/cmTC_92eff.dir/CheckSymbolExists.c.o: In function `main':
CheckSymbolExists.c:(.text+0xe): undefined reference to `pthread_create'
CheckSymbolExists.c:(.text+0x12): undefined reference to `pthread_create'
collect2: error: ld returned 1 exit status
CMakeFiles/cmTC_92eff.dir/build.make:97: recipe for target 'cmTC_92eff' failed
make[1]: *** [cmTC_92eff] Error 1
make[1]: Leaving directory '/home/ti-dsp/projects/impl/build/CMakeFiles/CMakeTmp'
Makefile:126: recipe for target 'cmTC_92eff/fast' failed
make: *** [cmTC_92eff/fast] Error 2

File /home/ti-dsp/projects/impl/build/CMakeFiles/CMakeTmp/CheckSymbolExists.c:
/* */
#include <pthread.h>

int main(int argc, char** argv)
{
  (void)argv;
#ifndef pthread_create
  return ((int*)(&pthread_create))[argc];
#else
  (void)argc;
  return 0;
#endif
}

Determining if the function pthread_create exists in the pthreads failed with the following output:
Change Dir: /home/ti-dsp/projects/impl/build/CMakeFiles/CMakeTmp

Run Build Command:"/usr/bin/make" "cmTC_83614/fast"
/usr/bin/make -f CMakeFiles/cmTC_83614.dir/build.make CMakeFiles/cmTC_83614.dir/build
make[1]: Entering directory '/home/ti-dsp/projects/impl/build/CMakeFiles/CMakeTmp'
Building C object CMakeFiles/cmTC_83614.dir/CheckFunctionExists.c.o
/usr/bin/cc    -DCHECK_FUNCTION_EXISTS=pthread_create   -o CMakeFiles/cmTC_83614.dir/CheckFunctionExists.c.o   -c /usr/share/cmake-3.5/Modules/CheckFunctionExists.c
Linking C executable cmTC_83614
/usr/bin/cmake -E cmake_link_script CMakeFiles/cmTC_83614.dir/link.txt --verbose=1
/usr/bin/cc   -DCHECK_FUNCTION_EXISTS=pthread_create    CMakeFiles/cmTC_83614.dir/CheckFunctionExists.c.o  -o cmTC_83614 -rdynamic -lpthreads 
/usr/bin/ld: cannot find -lpthreads
collect2: error: ld returned 1 exit status
CMakeFiles/cmTC_83614.dir/build.make:97: recipe for target 'cmTC_83614' failed
make[1]: *** [cmTC_83614] Error 1
make[1]: Leaving directory '/home/ti-dsp/projects/impl/build/CMakeFiles/CMakeTmp'
Makefile:126: recipe for target 'cmTC_83614/fast' failed
make: *** [cmTC_83614/fast] Error 2


