Determining if the pthread_create exist failed with the following output:
Change Dir: /home/ti-dsp/projects/pre_demo/build/CMakeFiles/CMakeTmp

Run Build Command:"/usr/bin/make" "cmTC_e64fc/fast"
/usr/bin/make -f CMakeFiles/cmTC_e64fc.dir/build.make CMakeFiles/cmTC_e64fc.dir/build
make[1]: Entering directory '/home/ti-dsp/projects/pre_demo/build/CMakeFiles/CMakeTmp'
Building C object CMakeFiles/cmTC_e64fc.dir/CheckSymbolExists.c.o
/usr/bin/cc     -o CMakeFiles/cmTC_e64fc.dir/CheckSymbolExists.c.o   -c /home/ti-dsp/projects/pre_demo/build/CMakeFiles/CMakeTmp/CheckSymbolExists.c
Linking C executable cmTC_e64fc
/usr/bin/cmake -E cmake_link_script CMakeFiles/cmTC_e64fc.dir/link.txt --verbose=1
/usr/bin/cc       CMakeFiles/cmTC_e64fc.dir/CheckSymbolExists.c.o  -o cmTC_e64fc -rdynamic 
CMakeFiles/cmTC_e64fc.dir/CheckSymbolExists.c.o: In function `main':
CheckSymbolExists.c:(.text+0xe): undefined reference to `pthread_create'
CheckSymbolExists.c:(.text+0x12): undefined reference to `pthread_create'
collect2: error: ld returned 1 exit status
CMakeFiles/cmTC_e64fc.dir/build.make:97: recipe for target 'cmTC_e64fc' failed
make[1]: *** [cmTC_e64fc] Error 1
make[1]: Leaving directory '/home/ti-dsp/projects/pre_demo/build/CMakeFiles/CMakeTmp'
Makefile:126: recipe for target 'cmTC_e64fc/fast' failed
make: *** [cmTC_e64fc/fast] Error 2

File /home/ti-dsp/projects/pre_demo/build/CMakeFiles/CMakeTmp/CheckSymbolExists.c:
/* */
#include <pthread.h>

int main(int argc, char** argv)
{
  (void)argv;
#ifndef pthread_create
  return ((int*)(&pthread_create))[argc];
#else
  (void)argc;
  return 0;
#endif
}

Determining if the function pthread_create exists in the pthreads failed with the following output:
Change Dir: /home/ti-dsp/projects/pre_demo/build/CMakeFiles/CMakeTmp

Run Build Command:"/usr/bin/make" "cmTC_69335/fast"
/usr/bin/make -f CMakeFiles/cmTC_69335.dir/build.make CMakeFiles/cmTC_69335.dir/build
make[1]: Entering directory '/home/ti-dsp/projects/pre_demo/build/CMakeFiles/CMakeTmp'
Building C object CMakeFiles/cmTC_69335.dir/CheckFunctionExists.c.o
/usr/bin/cc    -DCHECK_FUNCTION_EXISTS=pthread_create   -o CMakeFiles/cmTC_69335.dir/CheckFunctionExists.c.o   -c /usr/share/cmake-3.5/Modules/CheckFunctionExists.c
Linking C executable cmTC_69335
/usr/bin/cmake -E cmake_link_script CMakeFiles/cmTC_69335.dir/link.txt --verbose=1
/usr/bin/cc   -DCHECK_FUNCTION_EXISTS=pthread_create    CMakeFiles/cmTC_69335.dir/CheckFunctionExists.c.o  -o cmTC_69335 -rdynamic -lpthreads 
/usr/bin/ld: cannot find -lpthreads
collect2: error: ld returned 1 exit status
CMakeFiles/cmTC_69335.dir/build.make:97: recipe for target 'cmTC_69335' failed
make[1]: *** [cmTC_69335] Error 1
make[1]: Leaving directory '/home/ti-dsp/projects/pre_demo/build/CMakeFiles/CMakeTmp'
Makefile:126: recipe for target 'cmTC_69335/fast' failed
make: *** [cmTC_69335/fast] Error 2


