Determining if the pthread_create exist failed with the following output:
Change Dir: /home/ti-dsp/projects/final_demo/build/CMakeFiles/CMakeTmp

Run Build Command:"/usr/bin/make" "cmTC_188e4/fast"
/usr/bin/make -f CMakeFiles/cmTC_188e4.dir/build.make CMakeFiles/cmTC_188e4.dir/build
make[1]: Entering directory '/home/ti-dsp/projects/final_demo/build/CMakeFiles/CMakeTmp'
Building C object CMakeFiles/cmTC_188e4.dir/CheckSymbolExists.c.o
/usr/bin/cc     -o CMakeFiles/cmTC_188e4.dir/CheckSymbolExists.c.o   -c /home/ti-dsp/projects/final_demo/build/CMakeFiles/CMakeTmp/CheckSymbolExists.c
Linking C executable cmTC_188e4
/usr/bin/cmake -E cmake_link_script CMakeFiles/cmTC_188e4.dir/link.txt --verbose=1
/usr/bin/cc       CMakeFiles/cmTC_188e4.dir/CheckSymbolExists.c.o  -o cmTC_188e4 -rdynamic 
CMakeFiles/cmTC_188e4.dir/CheckSymbolExists.c.o: In function `main':
CheckSymbolExists.c:(.text+0xe): undefined reference to `pthread_create'
CheckSymbolExists.c:(.text+0x12): undefined reference to `pthread_create'
collect2: error: ld returned 1 exit status
CMakeFiles/cmTC_188e4.dir/build.make:97: recipe for target 'cmTC_188e4' failed
make[1]: *** [cmTC_188e4] Error 1
make[1]: Leaving directory '/home/ti-dsp/projects/final_demo/build/CMakeFiles/CMakeTmp'
Makefile:126: recipe for target 'cmTC_188e4/fast' failed
make: *** [cmTC_188e4/fast] Error 2

File /home/ti-dsp/projects/final_demo/build/CMakeFiles/CMakeTmp/CheckSymbolExists.c:
/* */
#include <pthread.h>

int main(int argc, char** argv)
{
  (void)argv;
#ifndef pthread_create
  return ((int*)(&pthread_create))[argc];
#else
  (void)argc;
  return 0;
#endif
}

Determining if the function pthread_create exists in the pthreads failed with the following output:
Change Dir: /home/ti-dsp/projects/final_demo/build/CMakeFiles/CMakeTmp

Run Build Command:"/usr/bin/make" "cmTC_afa24/fast"
/usr/bin/make -f CMakeFiles/cmTC_afa24.dir/build.make CMakeFiles/cmTC_afa24.dir/build
make[1]: Entering directory '/home/ti-dsp/projects/final_demo/build/CMakeFiles/CMakeTmp'
Building C object CMakeFiles/cmTC_afa24.dir/CheckFunctionExists.c.o
/usr/bin/cc    -DCHECK_FUNCTION_EXISTS=pthread_create   -o CMakeFiles/cmTC_afa24.dir/CheckFunctionExists.c.o   -c /usr/share/cmake-3.5/Modules/CheckFunctionExists.c
Linking C executable cmTC_afa24
/usr/bin/cmake -E cmake_link_script CMakeFiles/cmTC_afa24.dir/link.txt --verbose=1
/usr/bin/cc   -DCHECK_FUNCTION_EXISTS=pthread_create    CMakeFiles/cmTC_afa24.dir/CheckFunctionExists.c.o  -o cmTC_afa24 -rdynamic -lpthreads 
/usr/bin/ld: cannot find -lpthreads
collect2: error: ld returned 1 exit status
CMakeFiles/cmTC_afa24.dir/build.make:97: recipe for target 'cmTC_afa24' failed
make[1]: *** [cmTC_afa24] Error 1
make[1]: Leaving directory '/home/ti-dsp/projects/final_demo/build/CMakeFiles/CMakeTmp'
Makefile:126: recipe for target 'cmTC_afa24/fast' failed
make: *** [cmTC_afa24/fast] Error 2


